TN:
SF:src/app.js
FN:33,(anonymous_0)
FN:40,(anonymous_1)
FN:44,(anonymous_2)
FN:84,(anonymous_3)
FN:88,(anonymous_4)
FN:94,(anonymous_5)
FN:104,(anonymous_6)
FNF:7
FNH:4
FNDA:10,(anonymous_0)
FNDA:10,(anonymous_1)
FNDA:10,(anonymous_2)
FNDA:0,(anonymous_3)
FNDA:0,(anonymous_4)
FNDA:1,(anonymous_5)
FNDA:0,(anonymous_6)
DA:1,8
DA:2,8
DA:3,8
DA:4,8
DA:5,8
DA:6,8
DA:7,8
DA:8,8
DA:9,8
DA:10,8
DA:11,8
DA:12,8
DA:13,8
DA:15,8
DA:18,8
DA:19,8
DA:22,8
DA:27,8
DA:30,8
DA:33,8
DA:34,10
DA:35,10
DA:36,10
DA:40,10
DA:41,8
DA:44,10
DA:50,8
DA:58,8
DA:66,8
DA:75,8
DA:76,8
DA:79,8
DA:81,8
DA:84,8
DA:85,0
DA:88,8
DA:90,0
DA:94,8
DA:95,1
DA:99,8
DA:100,8
DA:101,8
DA:104,8
DA:105,0
DA:110,0
DA:114,8
LF:46
LH:42
BRDA:34,0,0,10
BRDA:34,0,1,10
BRDA:106,1,0,0
BRDA:106,1,1,0
BRDA:107,2,0,0
BRDA:107,2,1,0
BRF:6
BRH:2
end_of_record
TN:
SF:src/server.js
FN:12,(anonymous_0)
FN:18,(anonymous_1)
FN:20,(anonymous_2)
FN:26,(anonymous_3)
FN:28,(anonymous_4)
FNF:5
FNH:0
FNDA:0,(anonymous_0)
FNDA:0,(anonymous_1)
FNDA:0,(anonymous_2)
FNDA:0,(anonymous_3)
FNDA:0,(anonymous_4)
DA:7,0
DA:8,0
DA:9,0
DA:12,0
DA:13,0
DA:14,0
DA:18,0
DA:19,0
DA:20,0
DA:21,0
DA:22,0
DA:26,0
DA:27,0
DA:28,0
DA:29,0
DA:30,0
LF:16
LH:0
BRF:0
BRH:0
end_of_record
TN:
SF:src/api/controllers/orderController.js
FN:13,getDefaultStats
FN:25,(anonymous_1)
FN:36,(anonymous_2)
FN:66,(anonymous_3)
FN:76,(anonymous_4)
FN:81,(anonymous_5)
FN:88,(anonymous_6)
FN:107,(anonymous_7)
FN:117,(anonymous_8)
FN:119,(anonymous_9)
FN:120,(anonymous_10)
FN:134,(anonymous_11)
FN:148,(anonymous_12)
FN:240,(anonymous_13)
FN:253,(anonymous_14)
FN:297,(anonymous_15)
FN:306,(anonymous_16)
FN:321,(anonymous_17)
FN:325,(anonymous_18)
FN:335,(anonymous_19)
FN:339,(anonymous_20)
FN:363,(anonymous_21)
FN:378,(anonymous_22)
FN:424,(anonymous_23)
FN:431,(anonymous_24)
FN:447,(anonymous_25)
FN:496,(anonymous_26)
FN:500,(anonymous_27)
FNF:28
FNH:7
FNDA:3,getDefaultStats
FNDA:8,(anonymous_1)
FNDA:8,(anonymous_2)
FNDA:1,(anonymous_3)
FNDA:1,(anonymous_4)
FNDA:0,(anonymous_5)
FNDA:3,(anonymous_6)
FNDA:0,(anonymous_7)
FNDA:0,(anonymous_8)
FNDA:0,(anonymous_9)
FNDA:0,(anonymous_10)
FNDA:0,(anonymous_11)
FNDA:3,(anonymous_12)
FNDA:0,(anonymous_13)
FNDA:0,(anonymous_14)
FNDA:0,(anonymous_15)
FNDA:0,(anonymous_16)
FNDA:0,(anonymous_17)
FNDA:0,(anonymous_18)
FNDA:0,(anonymous_19)
FNDA:0,(anonymous_20)
FNDA:0,(anonymous_21)
FNDA:0,(anonymous_22)
FNDA:0,(anonymous_23)
FNDA:0,(anonymous_24)
FNDA:0,(anonymous_25)
FNDA:0,(anonymous_26)
FNDA:0,(anonymous_27)
DA:6,8
DA:7,8
DA:8,8
DA:9,8
DA:10,8
DA:11,8
DA:14,3
DA:26,8
DA:27,8
DA:28,8
DA:29,8
DA:30,8
DA:37,8
DA:38,8
DA:39,8
DA:42,8
DA:43,8
DA:45,3
DA:49,8
DA:50,8
DA:52,3
DA:56,7
DA:57,7
DA:59,3
DA:62,0
DA:67,1
DA:68,1
DA:69,1
DA:71,0
DA:72,0
DA:77,1
DA:78,1
DA:82,0
DA:83,0
DA:84,0
DA:85,0
DA:89,3
DA:90,0
DA:92,3
DA:93,3
DA:95,0
DA:96,0
DA:97,0
DA:98,0
DA:101,0
DA:104,0
DA:105,0
DA:107,0
DA:108,0
DA:118,0
DA:119,0
DA:120,0
DA:121,0
DA:122,0
DA:123,0
DA:124,0
DA:126,0
DA:129,0
DA:134,0
DA:135,0
DA:136,0
DA:139,0
DA:140,0
DA:142,0
DA:149,3
DA:150,3
DA:151,3
DA:153,3
DA:154,1
DA:155,1
DA:156,1
DA:157,0
DA:166,3
DA:167,3
DA:168,3
DA:172,0
DA:173,0
DA:174,0
DA:179,0
DA:192,0
DA:195,0
DA:206,0
DA:207,0
DA:210,0
DA:213,0
DA:216,0
DA:222,0
DA:223,0
DA:226,0
DA:232,3
DA:233,3
DA:241,0
DA:242,0
DA:243,0
DA:244,0
DA:245,0
DA:250,0
DA:251,0
DA:252,0
DA:253,0
DA:255,0
DA:256,0
DA:260,0
DA:261,0
DA:262,0
DA:266,0
DA:267,0
DA:268,0
DA:272,0
DA:273,0
DA:274,0
DA:275,0
DA:276,0
DA:280,0
DA:281,0
DA:284,0
DA:285,0
DA:288,0
DA:298,0
DA:299,0
DA:300,0
DA:307,0
DA:308,0
DA:309,0
DA:310,0
DA:312,0
DA:313,0
DA:314,0
DA:322,0
DA:323,0
DA:324,0
DA:325,0
DA:327,0
DA:328,0
DA:336,0
DA:337,0
DA:338,0
DA:339,0
DA:341,0
DA:342,0
DA:345,0
DA:346,0
DA:348,0
DA:350,0
DA:355,0
DA:356,0
DA:364,0
DA:365,0
DA:366,0
DA:367,0
DA:369,0
DA:370,0
DA:371,0
DA:379,0
DA:380,0
DA:381,0
DA:384,0
DA:385,0
DA:386,0
DA:389,0
DA:390,0
DA:391,0
DA:396,0
DA:397,0
DA:400,0
DA:401,0
DA:407,0
DA:411,0
DA:413,0
DA:415,0
DA:417,0
DA:425,0
DA:426,0
DA:427,0
DA:428,0
DA:430,0
DA:432,0
DA:439,0
DA:440,0
DA:448,0
DA:449,0
DA:450,0
DA:452,0
DA:453,0
DA:456,0
DA:468,0
DA:470,0
DA:471,0
DA:483,0
DA:486,0
DA:488,0
DA:489,0
DA:497,0
DA:498,0
DA:499,0
DA:500,0
DA:502,0
DA:503,0
DA:506,0
DA:508,0
DA:513,0
DA:514,0
DA:519,8
LF:203
LH:45
BRDA:71,0,0,0
BRDA:71,0,1,0
BRDA:71,1,0,0
BRDA:71,1,1,0
BRDA:89,2,0,0
BRDA:89,2,1,3
BRDA:89,3,0,3
BRDA:89,3,1,0
BRDA:92,4,0,3
BRDA:92,4,1,0
BRDA:92,5,0,3
BRDA:92,5,1,0
BRDA:95,6,0,0
BRDA:95,6,1,0
BRDA:96,7,0,0
BRDA:96,7,1,0
BRDA:97,8,0,0
BRDA:97,8,1,0
BRDA:97,9,0,0
BRDA:97,9,1,0
BRDA:101,10,0,0
BRDA:101,10,1,0
BRDA:104,11,0,0
BRDA:104,11,1,0
BRDA:123,12,0,0
BRDA:123,12,1,0
BRDA:139,13,0,0
BRDA:139,13,1,0
BRDA:148,14,0,0
BRDA:153,15,0,1
BRDA:153,15,1,2
BRDA:156,16,0,0
BRDA:156,16,1,1
BRDA:156,17,0,1
BRDA:156,17,1,0
BRDA:167,18,0,3
BRDA:167,18,1,0
BRDA:168,19,0,3
BRDA:168,19,1,0
BRDA:173,20,0,0
BRDA:173,20,1,0
BRDA:179,21,0,0
BRDA:179,21,1,0
BRDA:179,22,0,0
BRDA:179,22,1,0
BRDA:222,23,0,0
BRDA:222,23,1,0
BRDA:244,24,0,0
BRDA:244,24,1,0
BRDA:244,25,0,0
BRDA:244,25,1,0
BRDA:250,26,0,0
BRDA:250,26,1,0
BRDA:253,27,0,0
BRDA:253,27,1,0
BRDA:255,28,0,0
BRDA:255,28,1,0
BRDA:255,29,0,0
BRDA:255,29,1,0
BRDA:261,30,0,0
BRDA:261,30,1,0
BRDA:261,31,0,0
BRDA:261,31,1,0
BRDA:267,32,0,0
BRDA:267,32,1,0
BRDA:267,33,0,0
BRDA:267,33,1,0
BRDA:273,34,0,0
BRDA:273,34,1,0
BRDA:275,35,0,0
BRDA:275,35,1,0
BRDA:275,36,0,0
BRDA:275,36,1,0
BRDA:280,37,0,0
BRDA:280,37,1,0
BRDA:280,38,0,0
BRDA:280,38,1,0
BRDA:284,39,0,0
BRDA:284,39,1,0
BRDA:284,40,0,0
BRDA:284,40,1,0
BRDA:312,41,0,0
BRDA:312,41,1,0
BRDA:312,42,0,0
BRDA:312,42,1,0
BRDA:341,43,0,0
BRDA:341,43,1,0
BRDA:369,44,0,0
BRDA:369,44,1,0
BRDA:369,45,0,0
BRDA:369,45,1,0
BRDA:390,46,0,0
BRDA:390,46,1,0
BRDA:400,47,0,0
BRDA:400,47,1,0
BRDA:432,48,0,0
BRDA:432,48,1,0
BRDA:432,48,2,0
BRDA:432,48,3,0
BRDA:432,48,4,0
BRDA:452,49,0,0
BRDA:452,49,1,0
BRDA:502,50,0,0
BRDA:502,50,1,0
BRF:104
BRH:10
end_of_record
TN:
SF:src/api/controllers/statusController.js
FN:12,getStatus
FN:25,getSystemInfo
FN:55,getSecurityStatus
FN:77,getNginxStats
FNF:4
FNH:1
FNDA:1,getStatus
FNDA:0,getSystemInfo
FNDA:0,getSecurityStatus
FNDA:0,getNginxStats
DA:5,8
DA:13,1
DA:26,0
DA:27,0
DA:28,0
DA:29,0
DA:30,0
DA:31,0
DA:33,0
DA:43,0
DA:56,0
DA:57,0
DA:65,0
DA:78,0
DA:79,0
DA:84,0
DA:91,8
LF:17
LH:3
BRF:0
BRH:0
end_of_record
TN:
SF:src/api/controllers/translationController.js
FN:7,extractTextsFromHtml
FN:10,(anonymous_1)
FN:15,(anonymous_2)
FN:23,(anonymous_3)
FN:25,(anonymous_4)
FN:29,(anonymous_5)
FN:37,(anonymous_6)
FN:54,(anonymous_7)
FN:62,(anonymous_8)
FN:86,(anonymous_9)
FN:97,(anonymous_10)
FN:103,(anonymous_11)
FNF:12
FNH:3
FNDA:0,extractTextsFromHtml
FNDA:0,(anonymous_1)
FNDA:0,(anonymous_2)
FNDA:0,(anonymous_3)
FNDA:0,(anonymous_4)
FNDA:0,(anonymous_5)
FNDA:2,(anonymous_6)
FNDA:1,(anonymous_7)
FNDA:1,(anonymous_8)
FNDA:0,(anonymous_9)
FNDA:0,(anonymous_10)
FNDA:0,(anonymous_11)
DA:1,8
DA:2,8
DA:3,8
DA:4,8
DA:5,8
DA:8,0
DA:9,0
DA:10,0
DA:11,0
DA:12,0
DA:13,0
DA:16,0
DA:20,0
DA:22,0
DA:23,0
DA:25,0
DA:28,0
DA:29,0
DA:30,0
DA:31,0
DA:34,0
DA:37,8
DA:38,2
DA:39,2
DA:40,0
DA:42,2
DA:43,2
DA:44,2
DA:46,0
DA:50,0
DA:54,8
DA:55,1
DA:56,1
DA:57,1
DA:58,1
DA:59,0
DA:62,8
DA:63,1
DA:64,1
DA:65,0
DA:66,1
DA:67,1
DA:76,1
DA:78,0
DA:82,0
DA:86,8
DA:87,0
DA:88,0
DA:97,0
DA:98,0
DA:99,0
DA:100,0
DA:101,0
DA:102,0
DA:103,0
DA:105,0
DA:106,0
DA:108,0
DA:112,0
LF:59
LH:23
BRDA:12,0,0,0
BRDA:12,0,1,0
BRDA:20,1,0,0
BRDA:20,1,1,0
BRDA:20,2,0,0
BRDA:20,2,1,0
BRDA:31,3,0,0
BRDA:31,3,1,0
BRDA:31,4,0,0
BRDA:31,4,1,0
BRDA:38,5,0,2
BRDA:38,5,1,0
BRDA:39,6,0,0
BRDA:39,6,1,2
BRDA:39,7,0,2
BRDA:39,7,1,2
BRDA:39,7,2,2
BRDA:56,8,0,0
BRDA:56,8,1,1
BRDA:58,9,0,1
BRDA:58,9,1,0
BRDA:63,10,0,1
BRDA:63,10,1,0
BRDA:64,11,0,0
BRDA:64,11,1,1
BRDA:64,12,0,1
BRDA:64,12,1,1
BRDA:64,12,2,1
BRF:28
BRH:12
end_of_record
TN:
SF:src/api/routes/orderRoutes.js
FN:12,(anonymous_0)
FN:29,(anonymous_1)
FN:59,(anonymous_2)
FN:81,(anonymous_3)
FN:102,(anonymous_4)
FN:119,(anonymous_5)
FN:135,(anonymous_6)
FN:161,(anonymous_7)
FNF:8
FNH:1
FNDA:3,(anonymous_0)
FNDA:0,(anonymous_1)
FNDA:0,(anonymous_2)
FNDA:0,(anonymous_3)
FNDA:0,(anonymous_4)
FNDA:0,(anonymous_5)
FNDA:0,(anonymous_6)
FNDA:0,(anonymous_7)
DA:6,8
DA:7,8
DA:8,8
DA:9,8
DA:12,8
DA:13,3
DA:14,3
DA:15,3
DA:16,3
DA:17,3
DA:18,3
DA:19,0
DA:21,3
DA:29,8
DA:30,0
DA:31,0
DA:32,0
DA:33,0
DA:35,0
DA:36,0
DA:37,0
DA:39,0
DA:51,0
DA:59,8
DA:60,0
DA:61,0
DA:62,0
DA:63,0
DA:68,0
DA:73,0
DA:81,8
DA:82,0
DA:83,0
DA:84,0
DA:85,0
DA:91,0
DA:92,0
DA:94,0
DA:102,8
DA:103,0
DA:104,0
DA:105,0
DA:111,0
DA:119,8
DA:120,0
DA:121,0
DA:122,0
DA:127,0
DA:135,8
DA:136,0
DA:137,0
DA:139,0
DA:140,0
DA:146,0
DA:147,0
DA:151,0
DA:153,0
DA:161,8
DA:162,0
DA:163,0
DA:164,0
DA:166,0
DA:173,8
LF:63
LH:20
BRDA:15,0,0,3
BRDA:15,0,1,3
BRDA:16,1,0,3
BRDA:16,1,1,3
BRDA:31,2,0,0
BRDA:31,2,1,0
BRDA:32,3,0,0
BRDA:32,3,1,0
BRDA:62,4,0,0
BRDA:62,4,1,0
BRDA:84,5,0,0
BRDA:84,5,1,0
BRDA:139,6,0,0
BRDA:139,6,1,0
BRF:14
BRH:4
end_of_record
TN:
SF:src/api/routes/statusRoutes.js
FNF:0
FNH:0
DA:1,8
DA:7,8
DA:8,8
DA:9,8
DA:12,8
DA:13,8
DA:14,8
DA:15,8
DA:17,8
LF:9
LH:9
BRF:0
BRH:0
end_of_record
TN:
SF:src/api/routes/translationRoutes.js
FNF:0
FNH:0
DA:1,8
DA:2,8
DA:3,8
DA:5,8
DA:6,8
DA:7,8
DA:8,8
DA:10,8
LF:8
LH:8
BRF:0
BRH:0
end_of_record
TN:
SF:src/config/index.js
FN:15,(anonymous_0)
FN:18,resolveDataDir
FNF:2
FNH:2
FNDA:24,(anonymous_0)
FNDA:8,resolveDataDir
DA:1,8
DA:4,8
DA:6,8
DA:13,8
DA:15,24
DA:19,8
DA:20,8
DA:21,3
DA:24,8
DA:46,8
LF:10
LH:10
BRDA:13,0,0,8
BRDA:13,0,1,0
BRDA:20,1,0,5
BRDA:20,1,1,3
BRDA:21,2,0,3
BRDA:21,2,1,0
BRDA:25,3,0,8
BRDA:25,3,1,0
BRDA:26,4,0,8
BRDA:26,4,1,0
BRDA:27,5,0,8
BRDA:27,5,1,0
BRDA:28,6,0,8
BRDA:28,6,1,0
BRDA:29,7,0,8
BRDA:29,7,1,0
BRDA:30,8,0,8
BRDA:30,8,1,0
BRDA:31,9,0,8
BRDA:31,9,1,0
BRDA:34,10,0,8
BRDA:34,10,1,0
BRDA:36,11,0,8
BRDA:36,11,1,8
BRDA:36,11,2,8
BRDA:36,11,3,8
BRDA:36,11,4,8
BRDA:41,12,0,8
BRDA:41,12,1,8
BRDA:43,13,0,8
BRDA:43,13,1,8
BRDA:43,14,0,0
BRDA:43,14,1,8
BRF:33
BRH:22
end_of_record
TN:
SF:src/middleware/auth.js
FN:3,requireAdminAuth
FNF:1
FNH:0
FNDA:0,requireAdminAuth
DA:1,8
DA:4,0
DA:5,0
DA:6,0
DA:8,0
DA:11,8
LF:6
LH:2
BRDA:4,0,0,0
BRDA:4,0,1,0
BRDA:5,1,0,0
BRDA:5,1,1,0
BRDA:5,2,0,0
BRDA:5,2,1,0
BRF:6
BRH:0
end_of_record
TN:
SF:src/services/translationQueue.js
FN:13,ensureDataFiles
FN:20,readJSON
FN:28,writeJSON
FN:32,textHash
FN:37,(anonymous_4)
FN:47,(anonymous_5)
FN:51,(anonymous_6)
FN:64,(anonymous_7)
FN:70,(anonymous_8)
FN:77,(anonymous_9)
FN:83,(anonymous_10)
FN:87,(anonymous_11)
FN:89,(anonymous_12)
FN:104,(anonymous_13)
FN:150,(anonymous_14)
FN:173,(anonymous_15)
FNF:16
FNH:11
FNDA:8,ensureDataFiles
FNDA:24,readJSON
FNDA:2,writeJSON
FNDA:6,textHash
FNDA:8,(anonymous_4)
FNDA:6,(anonymous_5)
FNDA:5,(anonymous_6)
FNDA:1,(anonymous_7)
FNDA:0,(anonymous_8)
FNDA:0,(anonymous_9)
FNDA:1,(anonymous_10)
FNDA:0,(anonymous_11)
FNDA:0,(anonymous_12)
FNDA:0,(anonymous_13)
FNDA:2,(anonymous_14)
FNDA:1,(anonymous_15)
DA:1,8
DA:2,8
DA:3,8
DA:4,8
DA:5,8
DA:7,8
DA:8,8
DA:9,8
DA:10,8
DA:11,8
DA:14,8
DA:15,8
DA:16,8
DA:17,8
DA:21,24
DA:22,24
DA:24,0
DA:29,2
DA:33,6
DA:38,8
DA:39,8
DA:40,8
DA:41,8
DA:42,8
DA:43,8
DA:44,8
DA:48,6
DA:52,5
DA:53,5
DA:54,5
DA:55,5
DA:61,0
DA:65,1
DA:66,1
DA:67,1
DA:71,0
DA:72,0
DA:77,0
DA:79,0
DA:80,0
DA:84,1
DA:88,0
DA:89,0
DA:90,0
DA:100,0
DA:101,0
DA:105,0
DA:106,0
DA:108,0
DA:109,0
DA:110,0
DA:111,0
DA:113,0
DA:114,0
DA:115,0
DA:116,0
DA:117,0
DA:127,0
DA:128,0
DA:134,0
DA:135,0
DA:136,0
DA:137,0
DA:139,0
DA:140,0
DA:141,0
DA:142,0
DA:144,0
DA:147,0
DA:151,2
DA:152,2
DA:154,2
DA:155,5
DA:156,5
DA:157,5
DA:158,5
DA:159,5
DA:161,0
DA:165,2
DA:166,2
DA:167,0
DA:170,2
DA:174,1
DA:185,1
DA:186,1
DA:188,1
DA:189,1
DA:195,1
DA:196,1
DA:200,8
LF:90
LH:53
BRDA:14,0,0,0
BRDA:14,0,1,8
BRDA:15,1,0,3
BRDA:15,1,1,5
BRDA:16,2,0,3
BRDA:16,2,1,5
BRDA:17,3,0,3
BRDA:17,3,1,5
BRDA:24,4,0,0
BRDA:24,4,1,0
BRDA:54,5,0,5
BRDA:54,5,1,0
BRDA:54,6,0,5
BRDA:54,6,1,5
BRDA:64,7,0,0
BRDA:84,8,0,1
BRDA:84,8,1,1
BRDA:87,9,0,0
BRDA:88,10,0,0
BRDA:88,10,1,0
BRDA:94,11,0,0
BRDA:94,11,1,0
BRDA:95,12,0,0
BRDA:95,12,1,0
BRDA:105,13,0,0
BRDA:105,13,1,0
BRDA:111,14,0,0
BRDA:111,14,1,0
BRDA:115,15,0,0
BRDA:115,15,1,0
BRDA:116,16,0,0
BRDA:116,16,1,0
BRDA:127,17,0,0
BRDA:127,17,1,0
BRDA:135,18,0,0
BRDA:135,18,1,0
BRDA:137,19,0,0
BRDA:137,19,1,0
BRDA:155,20,0,5
BRDA:155,20,1,0
BRDA:156,21,0,0
BRDA:156,21,1,5
BRDA:158,22,0,5
BRDA:158,22,1,0
BRDA:161,23,0,0
BRDA:161,23,1,0
BRDA:161,24,0,0
BRDA:161,24,1,0
BRDA:166,25,0,0
BRDA:166,25,1,2
BRDA:180,26,0,1
BRDA:180,26,1,1
BRDA:181,27,0,1
BRDA:181,27,1,1
BRDA:182,28,0,1
BRDA:182,28,1,1
BRDA:188,29,0,1
BRDA:188,29,1,0
BRDA:188,30,0,1
BRDA:188,30,1,1
BRF:60
BRH:25
end_of_record
TN:
SF:src/services/translatorProvider.js
FN:6,(anonymous_0)
FN:12,(anonymous_1)
FN:45,(anonymous_2)
FN:64,(anonymous_3)
FN:82,(anonymous_4)
FN:101,(anonymous_5)
FNF:6
FNH:1
FNDA:8,(anonymous_0)
FNDA:0,(anonymous_1)
FNDA:0,(anonymous_2)
FNDA:0,(anonymous_3)
FNDA:0,(anonymous_4)
FNDA:0,(anonymous_5)
DA:1,8
DA:2,8
DA:3,8
DA:7,8
DA:8,8
DA:9,8
DA:13,0
DA:14,0
DA:16,0
DA:17,0
DA:20,0
DA:22,0
DA:24,0
DA:26,0
DA:28,0
DA:30,0
DA:37,0
DA:40,0
DA:41,0
DA:46,0
DA:47,0
DA:59,0
DA:60,0
DA:61,0
DA:65,0
DA:66,0
DA:67,0
DA:77,0
DA:78,0
DA:79,0
DA:83,0
DA:84,0
DA:96,0
DA:97,0
DA:98,0
DA:102,0
DA:103,0
DA:111,0
DA:112,0
DA:113,0
DA:117,8
LF:41
LH:7
BRDA:1,0,0,8
BRDA:1,0,1,0
BRDA:12,1,0,0
BRDA:13,2,0,0
BRDA:13,2,1,0
BRDA:13,3,0,0
BRDA:13,3,1,0
BRDA:14,4,0,0
BRDA:14,4,1,0
BRDA:17,5,0,0
BRDA:17,5,1,0
BRDA:17,5,2,0
BRDA:17,5,3,0
BRDA:17,5,4,0
BRDA:17,5,5,0
BRDA:17,5,6,0
BRDA:17,5,7,0
BRDA:17,6,0,0
BRDA:17,6,1,0
BRDA:46,7,0,0
BRDA:46,7,1,0
BRDA:59,8,0,0
BRDA:59,8,1,0
BRDA:61,9,0,0
BRDA:61,9,1,0
BRDA:65,10,0,0
BRDA:65,10,1,0
BRDA:77,11,0,0
BRDA:77,11,1,0
BRDA:79,12,0,0
BRDA:79,12,1,0
BRDA:83,13,0,0
BRDA:83,13,1,0
BRDA:96,14,0,0
BRDA:96,14,1,0
BRDA:98,15,0,0
BRDA:98,15,1,0
BRDA:102,16,0,0
BRDA:102,16,1,0
BRDA:107,17,0,0
BRDA:107,17,1,0
BRDA:111,18,0,0
BRDA:111,18,1,0
BRDA:113,19,0,0
BRDA:113,19,1,0
BRF:45
BRH:1
end_of_record
TN:
SF:src/utils/logger.js
FN:7,formatMessage
FN:17,toMeta
FN:20,(anonymous_2)
FN:24,(anonymous_3)
FN:29,(anonymous_4)
FN:34,(anonymous_5)
FN:39,(anonymous_6)
FN:44,(anonymous_7)
FN:46,(anonymous_8)
FN:49,(anonymous_9)
FN:52,(anonymous_10)
FN:55,(anonymous_11)
FNF:12
FNH:4
FNDA:4,formatMessage
FNDA:4,toMeta
FNDA:0,(anonymous_2)
FNDA:1,(anonymous_3)
FNDA:0,(anonymous_4)
FNDA:3,(anonymous_5)
FNDA:0,(anonymous_6)
FNDA:0,(anonymous_7)
FNDA:0,(anonymous_8)
FNDA:0,(anonymous_9)
FNDA:0,(anonymous_10)
FNDA:0,(anonymous_11)
DA:1,8
DA:2,8
DA:4,8
DA:5,8
DA:8,4
DA:14,4
DA:18,4
DA:19,4
DA:20,0
DA:23,8
DA:25,1
DA:26,1
DA:30,0
DA:31,0
DA:35,3
DA:36,3
DA:40,0
DA:41,0
DA:45,0
DA:47,0
DA:50,0
DA:53,0
DA:56,0
DA:62,8
LF:24
LH:14
BRDA:5,0,0,8
BRDA:5,0,1,0
BRDA:18,1,0,0
BRDA:18,1,1,4
BRDA:18,2,0,4
BRDA:18,2,1,4
BRDA:19,3,0,4
BRDA:19,3,1,0
BRDA:19,4,0,4
BRDA:19,4,1,4
BRDA:20,5,0,0
BRDA:20,5,1,0
BRDA:25,6,0,1
BRDA:25,6,1,0
BRDA:30,7,0,0
BRDA:30,7,1,0
BRDA:35,8,0,3
BRDA:35,8,1,0
BRDA:40,9,0,0
BRDA:40,9,1,0
BRDA:46,10,0,0
BRDA:49,11,0,0
BRDA:52,12,0,0
BRDA:55,13,0,0
BRF:24
BRH:9
end_of_record
TN:
SF:src/utils/metrics.js
FN:14,metricsMiddleware
FN:16,(anonymous_1)
FN:25,requireMetricsAuth
FN:38,metricsHandler
FNF:4
FNH:3
FNDA:10,metricsMiddleware
FNDA:10,(anonymous_1)
FNDA:1,requireMetricsAuth
FNDA:0,metricsHandler
DA:1,8
DA:2,8
DA:4,8
DA:5,8
DA:7,8
DA:15,10
DA:16,10
DA:17,10
DA:18,10
DA:19,10
DA:20,10
DA:22,10
DA:26,1
DA:27,1
DA:28,0
DA:32,1
DA:33,0
DA:35,1
DA:39,0
DA:40,0
DA:43,8
LF:21
LH:17
BRDA:19,0,0,10
BRDA:19,0,1,0
BRDA:19,1,0,10
BRDA:19,1,1,10
BRDA:26,2,0,1
BRDA:26,2,1,1
BRDA:27,3,0,0
BRDA:27,3,1,1
BRDA:32,4,0,0
BRDA:32,4,1,1
BRF:10
BRH:7
end_of_record
